c:\users\maria\source\repos\dim_hearts\dim_hearts\debug\vc142.pdb
c:\users\maria\source\repos\dim_hearts\dim_hearts\debug\vc142.idb
c:\users\maria\source\repos\dim_hearts\dim_hearts\debug\radixsort.obj
c:\users\maria\source\repos\dim_hearts\dim_hearts\debug\interface.obj
c:\users\maria\source\repos\dim_hearts\dim_hearts\debug\heartattackitem.obj
c:\users\maria\source\repos\dim_hearts\dim_hearts\debug\heartattackdata.obj
c:\users\maria\source\repos\dim_hearts\dim_hearts\debug\extractdata.obj
c:\users\maria\source\repos\dim_hearts\dim_hearts\debug\adjacentlistgraph.obj
c:\users\maria\source\repos\dim_hearts\dim_hearts\debug\dim_hearts.obj
c:\users\maria\source\repos\dim_hearts\debug\dim_hearts.pdb
c:\users\maria\source\repos\dim_hearts\dim_hearts\debug\dim_hearts.tlog\cl.command.1.tlog
c:\users\maria\source\repos\dim_hearts\dim_hearts\debug\dim_hearts.tlog\cl.read.1.tlog
c:\users\maria\source\repos\dim_hearts\dim_hearts\debug\dim_hearts.tlog\cl.write.1.tlog
c:\users\maria\source\repos\dim_hearts\dim_hearts\debug\dim_hearts.tlog\link-cvtres.read.1.tlog
c:\users\maria\source\repos\dim_hearts\dim_hearts\debug\dim_hearts.tlog\link-cvtres.write.1.tlog
c:\users\maria\source\repos\dim_hearts\dim_hearts\debug\dim_hearts.tlog\link-rc.read.1.tlog
c:\users\maria\source\repos\dim_hearts\dim_hearts\debug\dim_hearts.tlog\link-rc.write.1.tlog
c:\users\maria\source\repos\dim_hearts\dim_hearts\debug\dim_hearts.tlog\link.command.1.tlog
c:\users\maria\source\repos\dim_hearts\dim_hearts\debug\dim_hearts.tlog\link.read.1.tlog
c:\users\maria\source\repos\dim_hearts\dim_hearts\debug\dim_hearts.tlog\link.write.1.tlog
